<?xml version="1.0" encoding="UTF-8"?>
<!-- Generated by org.testng.reporters.JUnitReportReporter -->
<testsuite skipped="0" hostname="DESKTOP-0F1P5O1" name="com.All_Selenium.LaunchBrowser" tests="1" failures="0" timestamp="24 Dec 2020 15:08:42 GMT" time="20.124" errors="0">
  <testcase name="openBrowser" time="20.124" classname="com.All_Selenium.LaunchBrowser"/>
</testsuite> <!-- com.All_Selenium.LaunchBrowser -->
