<?xml version="1.0" encoding="UTF-8"?>
<!-- Generated by org.testng.reporters.JUnitReportReporter -->
<testsuite skipped="0" hostname="DESKTOP-0F1P5O1" name="Com.TestCase.Regression" tests="1" failures="0" timestamp="24 Dec 2020 18:51:24 GMT" time="11.773" errors="0">
  <testcase name="TC_1" time="11.773" classname="Com.TestCase.Regression"/>
</testsuite> <!-- Com.TestCase.Regression -->
